<?xml version="1.0" encoding="UTF-8"?>
<Site BuildName="(empty)"
	BuildStamp="20260908-1742-Experimental"
	Name="(empty)"
	Generator="ctest-4.4.2"
	CompilerName=""
	CompilerVersion=""
	OSName="Windows"
	Hostname="LAPTOP-6OJIGQJ8"
	OSRelease="10.0.26200"
	OSVersion="Windows 10"
	OSPlatform="AMD64"
	Is64Bits="1"
	VendorString="GenuineIntel"
	VendorID="Intel Corporation"
	FamilyID="6"
	ModelID="10"
	ModelName=""
	ProcessorCacheSize="-1"
	NumberOfLogicalCPU="22"
	NumberOfPhysicalCPU="16"
	TotalVirtualMemory="12800"
	TotalPhysicalMemory="15989"
	LogicalProcessorsPerPhysical="1"
	ProcessorClockFrequency="1400.000000"
	>
	<Testing>
		<StartDateTime>Sep 08 12:42 Central Daylight Time</StartDateTime>
		<StartTestTime>1788889331</StartTestTime>
		<TestList/>
		<EndDateTime>Sep 08 12:42 Central Daylight Time</EndDateTime>
		<EndTestTime>1788889331</EndTestTime>
		<ElapsedMinutes>0</ElapsedMinutes>
	</Testing>
</Site>
